#
# There is insufficient memory for the Java Runtime Environment to continue.
# Native memory allocation (malloc) failed to allocate 1048576 bytes for AllocateHeap
# Possible reasons:
#   The system is out of physical RAM or swap space
#   The process is running with CompressedOops enabled, and the Java Heap may be blocking the growth of the native heap
# Possible solutions:
#   Reduce memory load on the system
#   Increase physical memory or swap space
#   Check if swap backing store is full
#   Decrease Java heap size (-Xmx/-Xms)
#   Decrease number of Java threads
#   Decrease Java thread stack sizes (-Xss)
#   Set larger code cache with -XX:ReservedCodeCacheSize=
#   JVM is running with Unscaled Compressed Oops mode in which the Java heap is
#     placed in the first 4GB address space. The Java Heap base address is the
#     maximum limit for the native heap growth. Please use -XX:HeapBaseMinAddress
#     to set the Java Heap base and to place the Java Heap above 4GB virtual address.
# This output file may be truncated or incomplete.
#
#  Out of Memory Error (allocation.cpp:44), pid=16372, tid=6240
#
# JRE version:  (17.0.5+8) (build )
# Java VM: OpenJDK 64-Bit Server VM (17.0.5+8, mixed mode, tiered, compressed oops, compressed class ptrs, parallel gc, windows-amd64)
# No core dump will be written. Minidumps are not enabled by default on client versions of Windows
#

---------------  S U M M A R Y ------------

Command Line: --add-modules=ALL-SYSTEM --add-opens=java.base/java.util=ALL-UNNAMED --add-opens=java.base/java.lang=ALL-UNNAMED --add-opens=java.base/sun.nio.fs=ALL-UNNAMED -Declipse.application=org.eclipse.jdt.ls.core.id1 -Dosgi.bundles.defaultStartLevel=4 -Declipse.product=org.eclipse.jdt.ls.core.product -Djava.import.generatesMetadataFilesAtProjectRoot=false -Dfile.encoding=utf8 -XX:+UseParallelGC -XX:GCTimeRatio=4 -XX:AdaptiveSizePolicyWeight=90 -Dsun.zip.disableMemoryMapping=true -Xmx1G -Xms100m -Xlog:disable -javaagent:c:\Users\82104\.vscode\extensions\redhat.java-1.13.0-win32-x64\lombok\lombok-1.18.24.jar -XX:+HeapDumpOnOutOfMemoryError -XX:HeapDumpPath=c:\Users\82104\AppData\Roaming\Code\User\workspaceStorage\45a342e742ca3fde51dfadcaa70120e7\redhat.java c:\Users\82104\.vscode\extensions\redhat.java-1.13.0-win32-x64\server\plugins\org.eclipse.equinox.launcher_1.6.400.v20210924-0641.jar -configuration c:\Users\82104\AppData\Roaming\Code\User\globalStorage\redhat.java\1.13.0\config_win -data c:\Users\82104\AppData\Roaming\Code\User\workspaceStorage\45a342e742ca3fde51dfadcaa70120e7\redhat.java\jdt_ws

Host: Intel(R) Core(TM) i5-10210U CPU @ 1.60GHz, 8 cores, 7G,  Windows 10 , 64 bit Build 19041 (10.0.19041.2251)
Time: Thu Dec 15 15:13:07 2022  Windows 10 , 64 bit Build 19041 (10.0.19041.2251) elapsed time: 0.137738 seconds (0d 0h 0m 0s)

---------------  T H R E A D  ---------------

Current thread (0x0000021a0d6213e0):  JavaThread "Unknown thread" [_thread_in_vm, id=6240, stack(0x000000d1eb700000,0x000000d1eb800000)]

Stack: [0x000000d1eb700000,0x000000d1eb800000]
Native frames: (J=compiled Java code, j=interpreted, Vv=VM code, C=native code)
V  [jvm.dll+0x676b3a]
V  [jvm.dll+0x831444]
V  [jvm.dll+0x832bee]
V  [jvm.dll+0x833253]
V  [jvm.dll+0x244ce5]
V  [jvm.dll+0xa631f]
V  [jvm.dll+0x6a8f3a]
V  [jvm.dll+0x6a9bff]
V  [jvm.dll+0x683233]
V  [jvm.dll+0x80383b]
V  [jvm.dll+0x368c34]
V  [jvm.dll+0x7e265c]
V  [jvm.dll+0x3eb17f]
V  [jvm.dll+0x3eccc1]
C  [jli.dll+0x5267]
C  [ucrtbase.dll+0x21bb2]
C  [KERNEL32.DLL+0x174b4]
C  [ntdll.dll+0x526a1]


---------------  P R O C E S S  ---------------

Threads class SMR info:
_java_thread_list=0x00007fff2b292f18, length=0, elements={
}

Java Threads: ( => current thread )

Other Threads:
  0x0000021a0d62ea70 GCTaskThread "GC Thread#0" [stack: 0x000000d1eb800000,0x000000d1eb900000] [id=22292]

=>0x0000021a0d6213e0 (exited) JavaThread "Unknown thread" [_thread_in_vm, id=6240, stack(0x000000d1eb700000,0x000000d1eb800000)]

Threads with active compile tasks:

VM state: not at safepoint (normal execution)

VM Mutex/Monitor currently owned by a thread: None

Heap address: 0x00000000c0000000, size: 1024 MB, Compressed Oops mode: 32-bit

CDS archive(s) not mapped
Compressed class space mapped at: 0x0000000100000000-0x0000000140000000, reserved size: 1073741824
Narrow klass base: 0x0000000000000000, Narrow klass shift: 3, Narrow klass range: 0x140000000

GC Precious Log:
 CPUs: 8 total, 8 available
 Memory: 8001M
 Large Page Support: Disabled
 NUMA Support: Disabled
 Compressed Oops: Enabled (32-bit)
 Alignments: Space 512K, Generation 512K, Heap 2M
 Heap Min Capacity: 100M
 Heap Initial Capacity: 100M
 Heap Max Capacity: 1G
 Pre-touch: Disabled
 Parallel Workers: 8

Heap:
 PSYoungGen      total 29696K, used 512K [0x00000000eab00000, 0x00000000ecc00000, 0x0000000100000000)
  eden space 25600K, 2% used [0x00000000eab00000,0x00000000eab80070,0x00000000ec400000)
  from space 4096K, 0% used [0x00000000ec800000,0x00000000ec800000,0x00000000ecc00000)
  to   space 4096K, 0% used [0x00000000ec400000,0x00000000ec400000,0x00000000ec800000)
 ParOldGen       total 68608K, used 0K [0x00000000c0000000, 0x00000000c4300000, 0x00000000eab00000)
  object space 68608K, 0% used [0x00000000c0000000,0x00000000c0000000,0x00000000c4300000)
 Metaspace       used 1149K, committed 1216K, reserved 1056768K
  class space    used 101K, committed 128K, reserved 1048576K

Card table byte_map: [0x0000021a0cff0000,0x0000021a0d200000] _byte_map_base: 0x0000021a0c9f0000

Marking Bits: (ParMarkBitMap*) 0x00007fff2b300dd0
 Begin Bits: [0x0000021a1f2a0000, 0x0000021a202a0000)
 End Bits:   [0x0000021a202a0000, 0x0000021a212a0000)

Polling page: 0x0000021a0cde0000

Metaspace:

Usage:
  Non-class:      1.02 MB used.
      Class:    101.01 KB used.
       Both:      1.12 MB used.

Virtual space:
  Non-class space:        8.00 MB reserved,       1.06 MB ( 13%) committed,  1 nodes.
      Class space:        1.00 GB reserved,     128.00 KB ( <1%) committed,  1 nodes.
             Both:        1.01 GB reserved,       1.19 MB ( <1%) committed. 

Chunk freelists:
   Non-Class:  0 bytes
       Class:  3.75 MB
        Both:  3.75 MB

MaxMetaspaceSize: unlimited
CompressedClassSpaceSize: 1.00 GB
Initial GC threshold: 21.00 MB
Current GC threshold: 17179869184.00 GB
CDS: off
MetaspaceReclaimPolicy: balanced
 - commit_granule_bytes: 65536.
 - commit_granule_words: 8192.
 - virtual_space_node_default_size: 1048576.
 - enlarge_chunks_in_place: 1.
 - new_chunks_are_fully_committed: 0.
 - uncommit_free_chunks: 1.
 - use_allocation_guard: 0.
 - handle_deallocations: 1.


Internal statistics:

num_allocs_failed_limit: 0.
num_arena_births: 2.
num_arena_deaths: 0.
num_vsnodes_births: 2.
num_vsnodes_deaths: 0.
num_space_committed: 19.
num_space_uncommitted: 0.
num_chunks_returned_to_freelist: 0.
num_chunks_taken_from_freelist: 3.
num_chunk_merges: 0.
num_chunk_splits: 1.
num_chunks_enlarged: 0.
num_purges: 0.
num_inconsistent_stats: 0.

CodeHeap 'non-profiled nmethods': size=120000Kb used=0Kb max_used=0Kb free=120000Kb
 bounds [0x0000021a17d70000, 0x0000021a17fe0000, 0x0000021a1f2a0000]
CodeHeap 'profiled nmethods': size=120000Kb used=0Kb max_used=0Kb free=120000Kb
 bounds [0x0000021a10840000, 0x0000021a10ab0000, 0x0000021a17d70000]
CodeHeap 'non-nmethods': size=5760Kb used=202Kb max_used=335Kb free=5557Kb
 bounds [0x0000021a102a0000, 0x0000021a10510000, 0x0000021a10840000]
 total_blobs=66 nmethods=0 adapters=47
 compilation: enabled
              stopped_count=0, restarted_count=0
 full_count=0

Compilation events (0 events):
No events

GC Heap History (0 events):
No events

Dll operation events (1 events):
Event: 0.029 Loaded shared library c:\Users\82104\.vscode\extensions\redhat.java-1.13.0-win32-x64\jre\17.0.5-win32-x86_64\bin\java.dll

Deoptimization events (0 events):
No events

Classes unloaded (0 events):
No events

Classes redefined (0 events):
No events

Internal exceptions (0 events):
No events

VM Operations (0 events):
No events

Events (20 events):
Event: 0.083 loading class java/lang/Long
Event: 0.083 loading class java/lang/Long done
Event: 0.083 loading class java/util/Iterator
Event: 0.083 loading class java/util/Iterator done
Event: 0.083 loading class java/lang/reflect/RecordComponent
Event: 0.083 loading class java/lang/reflect/RecordComponent done
Event: 0.084 loading class jdk/internal/vm/vector/VectorSupport
Event: 0.084 loading class jdk/internal/vm/vector/VectorSupport done
Event: 0.084 loading class jdk/internal/vm/vector/VectorSupport$VectorPayload
Event: 0.084 loading class jdk/internal/vm/vector/VectorSupport$VectorPayload done
Event: 0.084 loading class jdk/internal/vm/vector/VectorSupport$Vector
Event: 0.085 loading class jdk/internal/vm/vector/VectorSupport$Vector done
Event: 0.085 loading class jdk/internal/vm/vector/VectorSupport$VectorMask
Event: 0.085 loading class jdk/internal/vm/vector/VectorSupport$VectorMask done
Event: 0.085 loading class jdk/internal/vm/vector/VectorSupport$VectorShuffle
Event: 0.085 loading class jdk/internal/vm/vector/VectorSupport$VectorShuffle done
Event: 0.088 loading class java/lang/NullPointerException
Event: 0.088 loading class java/lang/NullPointerException done
Event: 0.088 loading class java/lang/ArithmeticException
Event: 0.088 loading class java/lang/ArithmeticException done


Dynamic libraries:
0x00007ff72fa30000 - 0x00007ff72fa3e000 	c:\Users\82104\.vscode\extensions\redhat.java-1.13.0-win32-x64\jre\17.0.5-win32-x86_64\bin\java.exe
0x00007fff89470000 - 0x00007fff89668000 	C:\Windows\SYSTEM32\ntdll.dll
0x00007fff88b30000 - 0x00007fff88bef000 	C:\Windows\System32\KERNEL32.DLL
0x00007fff86d80000 - 0x00007fff87052000 	C:\Windows\System32\KERNELBASE.dll
0x00007fff80e70000 - 0x00007fff80f01000 	C:\Windows\SYSTEM32\apphelp.dll
0x00007fff871f0000 - 0x00007fff872f0000 	C:\Windows\System32\ucrtbase.dll
0x00007fff41bf0000 - 0x00007fff41c09000 	c:\Users\82104\.vscode\extensions\redhat.java-1.13.0-win32-x64\jre\17.0.5-win32-x86_64\bin\VCRUNTIME140.dll
0x00007fff5b7f0000 - 0x00007fff5b807000 	c:\Users\82104\.vscode\extensions\redhat.java-1.13.0-win32-x64\jre\17.0.5-win32-x86_64\bin\jli.dll
0x00007fff886b0000 - 0x00007fff8884d000 	C:\Windows\System32\USER32.dll
0x00007fff87060000 - 0x00007fff87082000 	C:\Windows\System32\win32u.dll
0x00007fff890b0000 - 0x00007fff890db000 	C:\Windows\System32\GDI32.dll
0x00007fff870e0000 - 0x00007fff871ef000 	C:\Windows\System32\gdi32full.dll
0x00007fff86ce0000 - 0x00007fff86d7d000 	C:\Windows\System32\msvcp_win.dll
0x00007fff701c0000 - 0x00007fff7045a000 	C:\Windows\WinSxS\amd64_microsoft.windows.common-controls_6595b64144ccf1df_6.0.19041.1110_none_60b5254171f9507e\COMCTL32.dll
0x00007fff885a0000 - 0x00007fff8863e000 	C:\Windows\System32\msvcrt.dll
0x00007fff88bf0000 - 0x00007fff88c22000 	C:\Windows\System32\IMM32.DLL
0x00007fff6bad0000 - 0x00007fff6badc000 	c:\Users\82104\.vscode\extensions\redhat.java-1.13.0-win32-x64\jre\17.0.5-win32-x86_64\bin\vcruntime140_1.dll
0x00007fff31280000 - 0x00007fff31311000 	c:\Users\82104\.vscode\extensions\redhat.java-1.13.0-win32-x64\jre\17.0.5-win32-x86_64\bin\msvcp140.dll
0x00007fff2a780000 - 0x00007fff2b3c4000 	c:\Users\82104\.vscode\extensions\redhat.java-1.13.0-win32-x64\jre\17.0.5-win32-x86_64\bin\server\jvm.dll
0x00007fff88950000 - 0x00007fff889fe000 	C:\Windows\System32\ADVAPI32.dll
0x00007fff88c30000 - 0x00007fff88ccc000 	C:\Windows\System32\sechost.dll
0x00007fff88cd0000 - 0x00007fff88df5000 	C:\Windows\System32\RPCRT4.dll
0x00007fff66c20000 - 0x00007fff66c29000 	C:\Windows\SYSTEM32\WSOCK32.dll
0x00007fff88850000 - 0x00007fff888bb000 	C:\Windows\System32\WS2_32.dll
0x00007fff70460000 - 0x00007fff70487000 	C:\Windows\SYSTEM32\WINMM.dll
0x00007fff7cab0000 - 0x00007fff7caba000 	C:\Windows\SYSTEM32\VERSION.dll
0x00007fff85380000 - 0x00007fff85392000 	C:\Windows\SYSTEM32\kernel.appcore.dll
0x00007fff5ead0000 - 0x00007fff5eada000 	c:\Users\82104\.vscode\extensions\redhat.java-1.13.0-win32-x64\jre\17.0.5-win32-x86_64\bin\jimage.dll
0x00007fff84820000 - 0x00007fff84a04000 	C:\Windows\SYSTEM32\DBGHELP.DLL
0x00007fff717a0000 - 0x00007fff717cc000 	C:\Windows\SYSTEM32\dbgcore.DLL
0x00007fff86b70000 - 0x00007fff86bf2000 	C:\Windows\System32\bcryptPrimitives.dll
0x00007fff5e910000 - 0x00007fff5e91e000 	c:\Users\82104\.vscode\extensions\redhat.java-1.13.0-win32-x64\jre\17.0.5-win32-x86_64\bin\instrument.dll
0x00007fff40150000 - 0x00007fff40175000 	c:\Users\82104\.vscode\extensions\redhat.java-1.13.0-win32-x64\jre\17.0.5-win32-x86_64\bin\java.dll
0x00007fff40130000 - 0x00007fff40148000 	c:\Users\82104\.vscode\extensions\redhat.java-1.13.0-win32-x64\jre\17.0.5-win32-x86_64\bin\zip.dll

dbghelp: loaded successfully - version: 4.0.5 - missing functions: none
symbol engine: initialized successfully - sym options: 0x614 - pdb path: .;c:\Users\82104\.vscode\extensions\redhat.java-1.13.0-win32-x64\jre\17.0.5-win32-x86_64\bin;C:\Windows\SYSTEM32;C:\Windows\WinSxS\amd64_microsoft.windows.common-controls_6595b64144ccf1df_6.0.19041.1110_none_60b5254171f9507e;c:\Users\82104\.vscode\extensions\redhat.java-1.13.0-win32-x64\jre\17.0.5-win32-x86_64\bin\server

VM Arguments:
jvm_args: --add-modules=ALL-SYSTEM --add-opens=java.base/java.util=ALL-UNNAMED --add-opens=java.base/java.lang=ALL-UNNAMED --add-opens=java.base/sun.nio.fs=ALL-UNNAMED -Declipse.application=org.eclipse.jdt.ls.core.id1 -Dosgi.bundles.defaultStartLevel=4 -Declipse.product=org.eclipse.jdt.ls.core.product -Djava.import.generatesMetadataFilesAtProjectRoot=false -Dfile.encoding=utf8 -XX:+UseParallelGC -XX:GCTimeRatio=4 -XX:AdaptiveSizePolicyWeight=90 -Dsun.zip.disableMemoryMapping=true -Xmx1G -Xms100m -Xlog:disable -javaagent:c:\Users\82104\.vscode\extensions\redhat.java-1.13.0-win32-x64\lombok\lombok-1.18.24.jar -XX:+HeapDumpOnOutOfMemoryError -XX:HeapDumpPath=c:\Users\82104\AppData\Roaming\Code\User\workspaceStorage\45a342e742ca3fde51dfadcaa70120e7\redhat.java 
java_command: c:\Users\82104\.vscode\extensions\redhat.java-1.13.0-win32-x64\server\plugins\org.eclipse.equinox.launcher_1.6.400.v20210924-0641.jar -configuration c:\Users\82104\AppData\Roaming\Code\User\globalStorage\redhat.java\1.13.0\config_win -data c:\Users\82104\AppData\Roaming\Code\User\workspaceStorage\45a342e742ca3fde51dfadcaa70120e7\redhat.java\jdt_ws
java_class_path (initial): c:\Users\82104\.vscode\extensions\redhat.java-1.13.0-win32-x64\server\plugins\org.eclipse.equinox.launcher_1.6.400.v20210924-0641.jar
Launcher Type: SUN_STANDARD

[Global flags]
    uintx AdaptiveSizePolicyWeight                 = 90                                        {product} {command line}
     intx CICompilerCount                          = 4                                         {product} {ergonomic}
    uintx GCTimeRatio                              = 4                                         {product} {command line}
     bool HeapDumpOnOutOfMemoryError               = true                                   {manageable} {command line}
    ccstr HeapDumpPath                             = c:\Users\82104\AppData\Roaming\Code\User\workspaceStorage\45a342e742ca3fde51dfadcaa70120e7\redhat.java         {manageable} {command line}
   size_t InitialHeapSize                          = 104857600                                 {product} {command line}
   size_t MaxHeapSize                              = 1073741824                                {product} {command line}
   size_t MaxNewSize                               = 357564416                                 {product} {ergonomic}
   size_t MinHeapDeltaBytes                        = 524288                                    {product} {ergonomic}
   size_t MinHeapSize                              = 104857600                                 {product} {command line}
   size_t NewSize                                  = 34603008                                  {product} {ergonomic}
    uintx NonNMethodCodeHeapSize                   = 5839372                                {pd product} {ergonomic}
    uintx NonProfiledCodeHeapSize                  = 122909434                              {pd product} {ergonomic}
   size_t OldSize                                  = 70254592                                  {product} {ergonomic}
    uintx ProfiledCodeHeapSize                     = 122909434                              {pd product} {ergonomic}
    uintx ReservedCodeCacheSize                    = 251658240                              {pd product} {ergonomic}
     bool SegmentedCodeCache                       = true                                      {product} {ergonomic}
   size_t SoftMaxHeapSize                          = 1073741824                             {manageable} {ergonomic}
     bool UseCompressedClassPointers               = true                           {product lp64_product} {ergonomic}
     bool UseCompressedOops                        = true                           {product lp64_product} {ergonomic}
     bool UseLargePagesIndividualAllocation        = false                                  {pd product} {ergonomic}
     bool UseParallelGC                            = true                                      {product} {command line}

Logging:
Log output configuration:
 #0: stdout all=off uptime,level,tags
 #1: stderr all=off uptime,level,tags

Environment Variables:
JAVA_HOME=C:\Program Files\ojdkbuild\java-11-openjdk-11.0.14-1
PATH=F:\21c\dbhomeXE\bin;C:\Program Files\ojdkbuild\java-11-openjdk-11.0.14-1\bin;C:\Users\82104\AppData\Local\Programs\Python\Python39\Scripts\;C:\Users\82104\AppData\Local\Programs\Python\Python39\;C:\Program Files (x86)\Common Files\Oracle\Java\javapath;C:\oraclexe\app\oracle\product\11.2.0\server\bin;C:\Program Files\Common Files\Oracle\Java\javapath;C:\Windows\system32;C:\Windows;C:\Windows\System32\Wbem;C:\Windows\System32\WindowsPowerShell\v1.0\;C:\Windows\System32\OpenSSH\;C:\Users\82104\AppData\Local\Android\Sdk\platform-tools;C:\Program Files\Git\cmd;C:\ProgramData\chocolatey\bin;F:\nodejs\;C:\Program Files\Docker\Docker\resources\bin;C:\ProgramData\DockerDesktop\version-bin;F:\Putty\;C:\Program Files\ojdkbuild\java-17-openjdk-17.0.3.0.6-1\bin;C:\Program Files\MySQL\MySQL Shell 8.0\bin\;C:\Users\82104\AppData\Local\Microsoft\WindowsApps;C:\Users\82104\AppData\Local\Programs\Microsoft VS Code\bin;C:\Program Files\Bandizip\;C:\venvs;F:\IntelliJ IDEA 2021.2.1\bin;;C:\Users\82104\AppData\Roaming\npm;C:\Users\82104\AppData\Local\afreeca
USERNAME=82104
OS=Windows_NT
PROCESSOR_IDENTIFIER=Intel64 Family 6 Model 142 Stepping 12, GenuineIntel
TMP=C:\Users\82104\AppData\Local\Temp
TEMP=C:\Users\82104\AppData\Local\Temp



---------------  S Y S T E M  ---------------

OS:
 Windows 10 , 64 bit Build 19041 (10.0.19041.2251)
OS uptime: 11 days 22:40 hours
Hyper-V role detected

CPU: total 8 (initial active 8) (4 cores per cpu, 2 threads per core) family 6 model 142 stepping 12 microcode 0xca, cx8, cmov, fxsr, ht, mmx, 3dnowpref, sse, sse2, sse3, ssse3, sse4.1, sse4.2, popcnt, lzcnt, tsc, tscinvbit, avx, avx2, aes, erms, clmul, bmi1, bmi2, adx, fma, vzeroupper, clflush, clflushopt, hv

Memory: 4k page, system-wide physical 8001M (331M free)
TotalPageFile size 22026M (AvailPageFile size 186M)
current process WorkingSet (physical memory assigned to process): 16M, peak: 16M
current process commit charge ("private bytes"): 148M, peak: 149M

vm_info: OpenJDK 64-Bit Server VM (17.0.5+8) for windows-amd64 JRE (17.0.5+8), built on Oct 19 2022 04:48:13 by "temurin" with MS VC++ 16.7 (VS2019)

END.
